<?xml version="1.0" encoding="UTF-8"?>
<!-- Generated by org.testng.reporters.JUnitXMLReporter -->
<testsuite ignored="0" hostname="shivam-pc" failures="0" tests="5" name="Test" time="81.414" errors="0" timestamp="2022-02-24T12:35:30 IST">
  <testcase classname="HomePage" name="HP_TC_01" time="2.59"/>
  <testcase classname="HomePage" name="HP_TC_02" time="9.463"/>
  <testcase classname="HomePage" name="HP_TC_03" time="1.57"/>
  <testcase classname="HomePage" name="HP_TC_04" time="0.048"/>
  <testcase classname="HomePage" name="HP_TC_05" time="0.11"/>
</testsuite> <!-- Test -->
